<?xml version="1.0" encoding="UTF-8"?>
<!-- Generated by org.testng.reporters.JUnitReportReporter -->
<testsuite hostname="LAPTOP-FAP6QC75" failures="0" tests="1" name="uiTestCases.EndToEndTest_motorcycle" time="29.444" errors="0" timestamp="2020-11-24T10:39:01 PST" skipped="0">
  <testcase classname="uiTestCases.EndToEndTest_motorcycle" name="insuranseCalculate" time="29.444"/>
  <system-out/>
</testsuite> <!-- uiTestCases.EndToEndTest_motorcycle -->
