<?xml version="1.0" encoding="UTF-8"?>
<!-- Generated by org.testng.reporters.JUnitReportReporter -->
<testsuite hostname="LAPTOP-FAP6QC75" failures="0" tests="1" name="uiTestCases.EndToEndTest_motorcycle" time="38.930" errors="0" timestamp="2020-11-24T09:04:40 PST" skipped="0">
  <testcase classname="uiTestCases.EndToEndTest_motorcycle" name="insuranseCalculate" time="38.930"/>
  <system-out/>
</testsuite> <!-- uiTestCases.EndToEndTest_motorcycle -->
