<?xml version="1.0" encoding="UTF-8"?>
<!-- Generated by org.testng.reporters.JUnitReportReporter -->
<testsuite hostname="LAPTOP-FAP6QC75" failures="0" tests="1" name="uiTestCases.EndToEndTest_motorcycle" time="13.033" errors="0" timestamp="2020-11-22T00:35:58 PST" skipped="0">
  <testcase classname="uiTestCases.EndToEndTest_motorcycle" name="getTitle" time="13.033"/>
  <system-out/>
</testsuite> <!-- uiTestCases.EndToEndTest_motorcycle -->
