<?xml version="1.0" encoding="UTF-8"?>
<!-- Generated by org.testng.reporters.JUnitReportReporter -->
<testsuite hostname="LAPTOP-FAP6QC75" failures="0" tests="1" name="uiTestCases.ErrorTest_motorcycle" time="40.361" errors="0" timestamp="2020-11-22T01:30:16 PST" skipped="0">
  <testcase classname="uiTestCases.ErrorTest_motorcycle" name="errorMessage_CylinderCapacity" time="40.361"/>
  <system-out/>
</testsuite> <!-- uiTestCases.ErrorTest_motorcycle -->
